
    ***********************************************************************
              Replicate a molecule or polymer chain (ReMoPo)
              ----------------------------------------------

                                Version 4.0

                              Dr. Javier Ramos
                      Macromolecular Physics Department
                Instituto de Estructura de la Materia (IEM-CSIC)
                               Madrid (Spain)

        ReMoPo is an open-source python library to quickly replicate a molecule
        from a pdb file containing the seed molecule. After that, the script assigns
        the force field parameters using the foyer library (https://mosdef.org/)
        This program generates GROMACS and LAMMPS files to run simulations.

        This software is distributed under the terms of the
        GNU General Public License v3.0 (GNU GPLv3). A copy of
        the license (LICENSE.txt) is included with this distribution.

    ***********************************************************************
        
		Start Job at 12-06-2022 13:51:55 ============

		Command line: 
			python replicate_polymer.py -p model01_000.pdb -f ../../forcefields/trappe-ua_PEToxvaerd.xml --images 1 1 1 -e lammps --noh
			         or
			replicate_polymer -p model01_000.pdb -f ../../forcefields/trappe-ua_PEToxvaerd.xml --images 1 1 1 -e lammps --noh


		Check resname and connect in the input file. (model01_000.pdb)... (12-06-2022 13:51:55)

		Removing hydrogens in the pdb file of the seed molecles.(model01_000.pdb)... (12-06-2022 13:51:55)
		Replicating and typing molecule (12-06-2022 13:51:55)
		********************************************************
		Loading seed structure from model01_000_noH.pdb (12-06-2022 13:51:55)
		Applying force field to the seed molecules model01_000_noH.pdb (12-06-2022 13:51:55)
		 Checking bonds    ... (verbose: False) (12-06-2022 13:51:55).
		 End checking bonds ... (verbose: False) (12-06-2022 13:51:55).
		 Checking angles    ... (verbose: False) (12-06-2022 13:51:55).
		 End checking angles ... (verbose: False) (12-06-2022 13:51:55).
		 Checking dihedrals    ... (verbose: False) (12-06-2022 13:51:55).
