
    ***********************************************************************
              Replicate a molecule or polymer chain (ReMoPo)
              ----------------------------------------------

                                Version 4.0

                              Dr. Javier Ramos
                      Macromolecular Physics Department
                Instituto de Estructura de la Materia (IEM-CSIC)
                               Madrid (Spain)

        ReMoPo is an open-source python library to quickly replicate a molecule
        from a pdb file containing the seed molecule. After that, the script assigns
        the force field parameters using the foyer library (https://mosdef.org/)
        This program generates GROMACS and LAMMPS files to run simulations.

        This software is distributed under the terms of the
        GNU General Public License v3.0 (GNU GPLv3). A copy of
        the license (LICENSE.txt) is included with this distribution.

    ***********************************************************************
        
		Start Job at 08-06-2022 11:47:29 ============

		Command line: 
			python replicate_polymer.py -p ETH-EVA_50wt_0000.pdb -f ../../forcefields/trappe-ua.xml --images 2 1 1 -e lammps --noh --impropers impropers.ndx
			         or
			replicate_polymer -p ETH-EVA_50wt_0000.pdb -f ../../forcefields/trappe-ua.xml --images 2 1 1 -e lammps --noh --impropers impropers.ndx


		Removing hydrogens in the pdb file of the seed molecles.(ETH-EVA_50wt_0000.pdb)... (08-06-2022 11:47:32)
		Replicating and typing molecule (08-06-2022 11:47:33)
		********************************************************
		Loading seed structure from ETH-EVA_50wt_0000_noH.pdb (08-06-2022 11:47:33)
		Applying force field to the seed molecules ETH-EVA_50wt_0000_noH.pdb (08-06-2022 11:47:34)
