
    ***********************************************************************
              Replicate a molecule or polymer chain (ReMoPo)
              ----------------------------------------------

                                Version 4.0

                              Dr. Javier Ramos
                      Macromolecular Physics Department
                Instituto de Estructura de la Materia (IEM-CSIC)
                               Madrid (Spain)

        ReMoPo is an open-source python library to quickly replicate a molecule
        from a pdb file containing the seed molecule. After that, the script assigns
        the force field parameters using the foyer library (https://mosdef.org/)
        This program generates GROMACS and LAMMPS files to run simulations.

        This software is distributed under the terms of the
        GNU General Public License v3.0 (GNU GPLv3). A copy of
        the license (LICENSE.txt) is included with this distribution.

    ***********************************************************************
        
		Start Job at 31-05-2022 15:52:44 ============

		Command line: 
			python replicate_polymer.py -p ./data/C150_1fold_initial_new.pdb -f ../../forcefields/oplsaa.xml --images 5 5 1 --engine lammps
			         or
			replicate_polymer -p ./data/C150_1fold_initial_new.pdb -f ../../forcefields/oplsaa.xml --images 5 5 1 --engine lammps

		Replicating and typing molecule (31-05-2022 15:52:44)
		********************************************************
		Loading seed structure from ./data/C150_1fold_initial_new.pdb (31-05-2022 15:52:44)
		Applying force field to the seed molecules ./data/C150_1fold_initial_new.pdb (31-05-2022 15:52:44)

		------------------------------------------------------------------------------------------------------------------------------------------------------------
		WARN: There are 655 atom types that are missing a smarts definition. To view the missing atom types, re-run with debug=True when applying the forcefield.
		------------------------------------------------------------------------------------------------------------------------------------------------------------

		Job  Done at 31-05-2022 15:52:49 ============

